[2019-05-24 01:59:22][_logging.py][line:55]                    [DEBUG]--- request header ---
[2019-05-24 01:59:22][_logging.py][line:56]                    [DEBUG]GET /fxCasino/fxLB?gameType=5902 HTTP/1.1
Upgrade: websocket
Connection: Upgrade
Host: 777.pzazq.com
Origin: http://777.pzazq.com
Sec-WebSocket-Key: qXAlGCZDZGxqy7/PI2QBCQ==
Sec-WebSocket-Version: 13
Cookie: langx=tw; SESSION_ID=660b0b7d99b8cf4f60d565ca3a958cac4760fa78; path=/; domain=pzazq.com; HttpOnly; lang=zh-cn; path=/; domain=pzazq.com; HttpOnly; langx=zh-cn; path=/; domain=pzazq.com; HttpOnly


[2019-05-24 01:59:22][_logging.py][line:57]                    [DEBUG]-----------------------
[2019-05-24 01:59:22][_logging.py][line:74]                    [DEBUG]--- response header ---
[2019-05-24 01:59:22][_logging.py][line:74]                    [DEBUG]HTTP/1.1 101 Switching Protocols
[2019-05-24 01:59:22][_logging.py][line:74]                    [DEBUG]Upgrade: websocket
[2019-05-24 01:59:22][_logging.py][line:74]                    [DEBUG]Connection: Upgrade
[2019-05-24 01:59:22][_logging.py][line:74]                    [DEBUG]Sec-WebSocket-Accept: pBFiluD+jhDg4jpJq4TdJTOR/BA=
[2019-05-24 01:59:22][_logging.py][line:74]                    [DEBUG]Origin: http://777.pzazq.com
[2019-05-24 01:59:22][_logging.py][line:74]                    [DEBUG]Now: rc.23
[2019-05-24 01:59:22][_logging.py][line:74]                    [DEBUG]Server: Apache
[2019-05-24 01:59:22][_logging.py][line:74]                    [DEBUG]Set-Cookie: T0_IPL_AVRbbbbbbbbbbbbbbbb=CAACANPDHDFIKAFIJLNDLAGIHLJLCFDGCOPALIGNEGPEHBKEDNABMKLGLJMOBDCMHKKEJCNJJHPDOAIGNPKLLMKDENMADHFJKOOMDPBMLADENKMHCNMNGJPOPJMJOJFG; HttpOnly
[2019-05-24 01:59:22][_logging.py][line:74]                    [DEBUG]-----------------------
[2019-05-24 01:59:22][_logging.py][line:74]                    [DEBUG]send: b'\x81\xfe\x01\xebz\x11\xd2\xbd\x013\xb3\xde\x0ex\xbd\xd3X+\xf2\x9f\x16~\xb5\xd4\x14S\xab\xee\x13u\xf0\x91Z3\xb5\xc9\x03a\xb7\x9f@1\xf0\x88C!\xe0\x9fV1\xf0\xce\x13u\xf0\x87Z3\xe4\x8bJs\xe2\xdfMu\xeb\x84\x18)\xb1\xdbNw\xe4\x8d\x1e$\xe4\x88\x19p\xe1\xdcC$\xea\xde\x1br\xe6\x8aL!\xb4\xdcM)\xf0\x91Z3\xbe\xdc\x14v\xf0\x87Z3\xb1\xd3X=\xf2\x9f\x1eX\xbc\xdb\x153\xe8\x9d\x013\xa0\xd9X+\xf2\x9f\x1ci\xf0\x91Z3\xa7\xdcX+\xf2\x9f7~\xa8\xd4\x16}\xb3\x92O?\xe2\x9dRF\xbb\xd3\x1e~\xa5\xceZ_\x86\x9dL?\xe3\x86ZF\xbb\xd3L%\xe9\x9d\x02\'\xe6\x94ZP\xa2\xcd\x16t\x85\xd8\x18Z\xbb\xc9U$\xe1\x8aT"\xe4\x9dRZ\x9a\xe97]\xfe\x9d\x16x\xb9\xd8ZV\xb7\xde\x11~\xfb\x9d9y\xa0\xd2\x17t\xfd\x8aH?\xe2\x93I\'\xe0\x8bT \xe2\x84ZB\xb3\xdb\x1bc\xbb\x92O"\xe5\x93I\'\xf0\x91Z3\xbd\xceX+\xf2\x9f-x\xbc\xd9\x15f\xa1\x9dM3\xfe\x9dXb\xa0\xceX+\xf2\x9fK"\xe4\x8b\x02&\xe4\x85X=\xf2\x9f\rc\xa1\x9f@1\xf0\x8cH(\xe0\xc5L&\xe0\x9fV1\xf0\xd9\nc\xf0\x87Z \xfe\x9dXa\xbe\x9f@1\xf0\xf5O3\xfe\x9dXf\xa4\x9f@1\xf0\xdb\x1b}\xa1\xd8X=\xf2\x9f\x1bx\xbd\x9f@1\xb4\xdc\x16b\xb7\x91Z3\xa4\xda\x1b3\xe8\x9dXP\x9c\xfa6T\xf2\x953\x7f\xa6\xd8\x169\x80\x94ZY\x96\x9d=c\xb3\xcd\x12x\xb1\xceZ%\xe4\x8dJ1\x96\xd4\x08t\xb1\xc9IU\xe3\x8cZg\xa1\xe2ON\xe2\x9d\nb\x8d\x88%!\xfb\x9fV1\xf0\xc9\x1bs\xbe\xd8\x0e3\xe8\x9d\x1cp\xbe\xce\x1f=\xf2\x9f\x19e\xa1\x9f@1\xe3\x88O#\xe3\x8cN\'\xe3\x89L"\xe3\x91Z3\xbf\xc8\x1b3\xe8\x9dX3\xfe\x9dXu\xa6\xcdX+\xf2\x9fXl\xaf'
[2019-05-24 01:59:22][log.py][line:41]                    [INFO][client]action: loginBySid, message({'action': 'loginBySid', 'gtype': '5902', 'sid': '660b0b7d99b8cf4f60d565ca3a958cac4760fa78', 'lang': 'cn', 'dInfo': {'rd': 'fx', 'ua': 'Mozilla/5.0 (Windows NT 6.1; Win64; x64) AppleWebKit/537.36 (KHTML, like Gecko) Chrome/72.0.3626.109 Safari/537.36', 'os': 'Windows 7', 'srs': '1366x768', 'wrs': '1292x672', 'dpr': 1, 'pl': 'H5', 'wv': 'false', 'aio': False, 'vga': 'ANGLE (Intel(R) HD Graphics 4600 Direct3D11 vs_5_0 ps_5_0)', 'tablet': False, 'cts': 1552114614631, 'mua': '', 'dtp': ''}})
[2019-05-24 01:59:22][log.py][line:41]                    [INFO][server]action: onLogin, message({'action': 'onLogin', 'result': {'data': {'UserID': 540183659, 'Sid': '660b0b7d99b8cf4f60d565ca3a958cac4760fa78', 'HallID': '3819831', 'GameID': '0', 'COID': '33746237', 'Test': '0', 'ExchangeRate': '1'}, 'TimeLog': {'StartTime': 1558634476.798718, 'getSession': 0.0025391578674316406, 'checkGameSwitch': 0.0029420852661132812, 'getRedis': 0.0011138916015625, 'getUser': 0, 'getUserConfSet': 0, 'isUserStopBet': 0, 'getExchangeRate': 0, 'setRedis': 0, 'TotalTime': 0.0066471099853515625}, 'event': True}})
[2019-05-24 01:59:23][log.py][line:41]                    [INFO][server]action: onTakeMachine, message({'action': 'onTakeMachine', 'result': {'event': True, 'data': {'gameCode': '14780'}}})
[2019-05-24 01:59:23][_logging.py][line:74]                    [DEBUG]send: b'\x81\x99\xd0\x1c~\x11\xab>\x1fr\xa4u\x11\x7f\xf2&^3\xbfr2~\xb1x7\x7f\xb6sL3\xad'
[2019-05-24 01:59:23][log.py][line:41]                    [INFO][client]action: loginBySid, message({'action': 'onLoadInfo2'})
[2019-05-24 01:59:23][log.py][line:41]                    [INFO][server]action: onOnLoadInfo2, message({'action': 'onOnLoadInfo2', 'result': {'event': True, 'data': {'event': True, 'ExchangeRate': '1', 'LoginName': 'jm0614319473', 'Currency': 'RMB', 'HallID': 3819831, 'UserID': '540183659', 'Balance': 0, 'Test': False, 'Base': '1:10', 'DefaultBase': '1:10', 'Percent': '99', 'PercentLow': '96', 'BetTotal': '1000000.0000', 'PayTotal': '975000.0000', 'Credit': '9.00', 'BetBase': '1:10', 'WagersID': '0', 'Status': 'Y', 'isCash': False}, 'time': [0.025046110153198242, 0.020888090133666992, 1.5974044799804688e-05, 0.00177001953125, 0.000469207763671875, 0.00038695335388183594]}})
[2019-05-24 01:59:23][_logging.py][line:74]                    [DEBUG]send: b'\x81\x9e\x99(V\x8e\xe2\n7\xed\xedA9\xe0\xbb\x12v\xac\xfeM"\xc3\xf8K>\xe7\xf7M\x12\xeb\xedI?\xe2\xbbU'
[2019-05-24 01:59:23][log.py][line:41]                    [INFO][client]action: getMachineDetail, message({'action': 'getMachineDetail'})
[2019-05-24 01:59:23][log.py][line:41]                    [INFO][server]action: onGetMachineDetail, message({'action': 'onGetMachineDetail', 'result': {'event': True, 'data': {'event': True, 'ExchangeRate': '1', 'LoginName': 'jm0614319473', 'Currency': 'RMB', 'HallID': 3819831, 'UserID': '540183659', 'Balance': 0, 'Test': False, 'BrickNum': 45, 'FreeTime': 0, 'DoubleTime': 0, 'NextLevelID': 1, 'Platform': '0', 'Client': '03', 'LineBet': '10', 'LineNum': '1', 'Base': '1:10', 'DefaultBase': '1:10', 'Percent': '99', 'PercentLow': '96', 'BetTotal': '1000000.0000', 'PayTotal': '975000.0000', 'Credit': '9.00', 'BetBase': '1:10', 'WagersID': '0', 'Status': 'Y'}, 'time': [0.023302078247070312, 0.020082950592041016, 1.811981201171875e-05, 0.00164794921875, 0.0015511512756347656]}})
[2019-05-24 01:59:24][_logging.py][line:74]                    [DEBUG]send: b'\x81\xbb\xefq\x8d\x88\x94S\xec\xeb\x9b\x18\xe2\xe6\xcdK\xad\xaa\x8c\x03\xe8\xec\x86\x05\xc8\xf0\x8c\x19\xec\xe6\x88\x14\xaf\xa4\xcfS\xff\xe9\x9b\x14\xaf\xb2\xcfS\xbc\xb2\xdeA\xaf\xa4\xcfS\xee\xfa\x8a\x15\xe4\xfc\xcdK\xad\xaa\xdfS\xf0'
[2019-05-24 01:59:24][log.py][line:41]                    [INFO][client]action: creditExchange, message({'action': 'creditExchange', 'rate': '1:10', 'credit': '0'})
[2019-05-24 02:00:30][_logging.py][line:55]                    [DEBUG]--- request header ---
[2019-05-24 02:00:30][_logging.py][line:56]                    [DEBUG]GET /fxCasino/fxLB?gameType=5902 HTTP/1.1
Upgrade: websocket
Connection: Upgrade
Host: 777.pzazq.com
Origin: http://777.pzazq.com
Sec-WebSocket-Key: RGpCsG2/uh5K3CX/Yj+rEw==
Sec-WebSocket-Version: 13
Cookie: langx=tw; SESSION_ID=660b0b7d99b8cf4f60d565ca3a958cac4760fa78; path=/; domain=pzazq.com; HttpOnly; lang=zh-cn; path=/; domain=pzazq.com; HttpOnly; langx=zh-cn; path=/; domain=pzazq.com; HttpOnly


[2019-05-24 02:00:30][_logging.py][line:57]                    [DEBUG]-----------------------
[2019-05-24 02:00:30][_logging.py][line:74]                    [DEBUG]--- response header ---
[2019-05-24 02:00:30][_logging.py][line:74]                    [DEBUG]HTTP/1.1 101 Switching Protocols
[2019-05-24 02:00:30][_logging.py][line:74]                    [DEBUG]Upgrade: websocket
[2019-05-24 02:00:30][_logging.py][line:74]                    [DEBUG]Connection: Upgrade
[2019-05-24 02:00:30][_logging.py][line:74]                    [DEBUG]Sec-WebSocket-Accept: Ue7PWJXLpJvQRrSTrgnkjvrU9IE=
[2019-05-24 02:00:30][_logging.py][line:74]                    [DEBUG]Origin: http://777.pzazq.com
[2019-05-24 02:00:30][_logging.py][line:74]                    [DEBUG]Now: rc.32
[2019-05-24 02:00:30][_logging.py][line:74]                    [DEBUG]Server: Apache
[2019-05-24 02:00:30][_logging.py][line:74]                    [DEBUG]Set-Cookie: T0_IPL_AVRbbbbbbbbbbbbbbbb=NDCIKJDJDKEMHMPMCLBANNBENCAEJGNLOKNDEEPCCGJKNMNGDENKKHALOKPKBICDJOHEGMPIPODDHAFMNLHBDNNIACJAAAKLOOPLCEFBKKALJJCEGNFAOEJEMPLLIAKH; HttpOnly
[2019-05-24 02:00:30][_logging.py][line:74]                    [DEBUG]-----------------------
[2019-05-24 02:00:30][_logging.py][line:74]                    [DEBUG]send: b'\x81\xfe\x01\xeb\x95\x96\x93\x85\xee\xb4\xf2\xe6\xe1\xff\xfc\xeb\xb7\xac\xb3\xa7\xf9\xf9\xf4\xec\xfb\xd4\xea\xd6\xfc\xf2\xb1\xa9\xb5\xb4\xf4\xf1\xec\xe6\xf6\xa7\xaf\xb6\xb1\xb0\xac\xa6\xa1\xa7\xb9\xb6\xb1\xf6\xfc\xf2\xb1\xbf\xb5\xb4\xa5\xb3\xa5\xf4\xa3\xe7\xa2\xf2\xaa\xbc\xf7\xae\xf0\xe3\xa1\xf0\xa5\xb5\xf1\xa3\xa5\xb0\xf6\xf7\xa0\xe4\xac\xa3\xab\xe6\xf4\xf5\xa7\xb2\xa3\xa6\xf5\xe4\xa2\xae\xb1\xa9\xb5\xb4\xff\xe4\xfb\xf1\xb1\xbf\xb5\xb4\xf0\xeb\xb7\xba\xb3\xa7\xf1\xdf\xfd\xe3\xfa\xb4\xa9\xa5\xee\xb4\xe1\xe1\xb7\xac\xb3\xa7\xf3\xee\xb1\xa9\xb5\xb4\xe6\xe4\xb7\xac\xb3\xa7\xd8\xf9\xe9\xec\xf9\xfa\xf2\xaa\xa0\xb8\xa3\xa5\xbd\xc1\xfa\xeb\xf1\xf9\xe4\xf6\xb5\xd8\xc7\xa5\xa3\xb8\xa2\xbe\xb5\xc1\xfa\xeb\xa3\xa2\xa8\xa5\xed\xa0\xa7\xac\xb5\xd7\xe3\xf5\xf9\xf3\xc4\xe0\xf7\xdd\xfa\xf1\xba\xa3\xa0\xb2\xbb\xa5\xa5\xa5\xbd\xdd\xdb\xd1\xd8\xda\xbf\xa5\xf9\xff\xf8\xe0\xb5\xd1\xf6\xe6\xfe\xf9\xba\xa5\xd6\xfe\xe1\xea\xf8\xf3\xbc\xb2\xa7\xb8\xa3\xab\xa6\xa0\xa1\xb3\xbb\xa7\xa3\xbc\xb5\xc5\xf2\xe3\xf4\xe4\xfa\xaa\xa0\xa5\xa4\xab\xa6\xa0\xb1\xa9\xb5\xb4\xfc\xf6\xb7\xac\xb3\xa7\xc2\xff\xfd\xe1\xfa\xe1\xe0\xa5\xa2\xb4\xbf\xa5\xb7\xe5\xe1\xf6\xb7\xac\xb3\xa7\xa4\xa5\xa5\xb3\xed\xa1\xa5\xbd\xb7\xba\xb3\xa7\xe2\xe4\xe0\xa7\xaf\xb6\xb1\xb4\xa7\xaf\xa1\xfd\xa3\xa1\xa1\xa7\xb9\xb6\xb1\xe1\xe5\xe4\xb1\xbf\xb5\xa7\xbf\xa5\xb7\xe6\xff\xa7\xaf\xb6\xb1\xcd\xa0\xb4\xbf\xa5\xb7\xe1\xe5\xa7\xaf\xb6\xb1\xe3\xf4\xfa\xe0\xe0\xb7\xba\xb3\xa7\xf4\xff\xfc\xa7\xaf\xb6\xf5\xe4\xf9\xe5\xf6\xa9\xb5\xb4\xe5\xe2\xf4\xb4\xa9\xa5\xb7\xd7\xdd\xc2\xd9\xd3\xb3\xad\xdc\xf8\xe7\xe0\xf9\xbe\xc1\xac\xb5\xde\xd7\xa5\xd2\xe4\xf2\xf5\xfd\xff\xf0\xf6\xb5\xa2\xa5\xb5\xa5\xb6\xd7\xec\xe7\xf3\xf0\xf1\xa6\xd2\xa2\xb4\xb5\xe0\xe0\xda\xa0\xc9\xa3\xa5\xe5\xe5\xcc\xb0\xca\xa6\xba\xa7\xb9\xb6\xb1\xf1\xf4\xf4\xff\xe0\xe1\xb4\xa9\xa5\xf3\xf7\xff\xf6\xf0\xba\xb3\xa7\xf6\xe2\xe0\xa7\xaf\xb6\xa2\xb0\xa0\xa4\xa2\xb4\xa1\xa0\xa2\xb1\xa3\xa5\xa2\xa9\xb5\xb4\xfe\xf0\xf4\xb4\xa9\xa5\xb7\xb4\xbf\xa5\xb7\xf2\xe7\xf5\xb7\xac\xb3\xa7\xb7\xeb\xee'
[2019-05-24 02:00:30][log.py][line:41]                    [INFO][client]action: loginBySid, message({'action': 'loginBySid', 'gtype': '5902', 'sid': '660b0b7d99b8cf4f60d565ca3a958cac4760fa78', 'lang': 'cn', 'dInfo': {'rd': 'fx', 'ua': 'Mozilla/5.0 (Windows NT 6.1; Win64; x64) AppleWebKit/537.36 (KHTML, like Gecko) Chrome/72.0.3626.109 Safari/537.36', 'os': 'Windows 7', 'srs': '1366x768', 'wrs': '1292x672', 'dpr': 1, 'pl': 'H5', 'wv': 'false', 'aio': False, 'vga': 'ANGLE (Intel(R) HD Graphics 4600 Direct3D11 vs_5_0 ps_5_0)', 'tablet': False, 'cts': 1552114614631, 'mua': '', 'dtp': ''}})
[2019-05-24 02:00:30][log.py][line:41]                    [INFO][server]action: onLogin, message({'action': 'onLogin', 'result': {'data': {'UserID': 540183659, 'Sid': '660b0b7d99b8cf4f60d565ca3a958cac4760fa78', 'HallID': '3819831', 'GameID': '0', 'COID': '33746237', 'Test': '0', 'ExchangeRate': '1'}, 'TimeLog': {'StartTime': 1558634544.555581, 'getSession': 0.0019550323486328125, 'checkGameSwitch': 0.003422975540161133, 'getRedis': 0.0012950897216796875, 'getUser': 0, 'getUserConfSet': 0, 'isUserStopBet': 0, 'getExchangeRate': 0, 'setRedis': 0, 'TotalTime': 0.006727933883666992}, 'event': True}})
[2019-05-24 02:00:30][log.py][line:41]                    [INFO][server]action: onTakeMachine, message({'action': 'onTakeMachine', 'result': {'event': True, 'data': {'gameCode': '14780'}}})
[2019-05-24 02:00:30][_logging.py][line:74]                    [DEBUG]send: b'\x81\x99\x82\x93\x89\x9c\xf9\xb1\xe8\xff\xf6\xfa\xe6\xf2\xa0\xa9\xa9\xbe\xed\xfd\xc5\xf3\xe3\xf7\xc0\xf2\xe4\xfc\xbb\xbe\xff'
[2019-05-24 02:00:30][log.py][line:41]                    [INFO][client]action: loginBySid, message({'action': 'onLoadInfo2'})
[2019-05-24 02:00:30][log.py][line:41]                    [INFO][server]action: onOnLoadInfo2, message({'action': 'onOnLoadInfo2', 'result': {'event': True, 'data': {'event': True, 'ExchangeRate': '1', 'LoginName': 'jm0614319473', 'Currency': 'RMB', 'HallID': 3819831, 'UserID': '540183659', 'Balance': 0, 'Test': False, 'Base': '1:10', 'DefaultBase': '1:10', 'Percent': '99', 'PercentLow': '96', 'BetTotal': '1000000.0000', 'PayTotal': '975000.0000', 'Credit': '9.00', 'BetBase': '1:10', 'WagersID': '0', 'Status': 'Y', 'isCash': False}, 'time': [0.02975010871887207, 0.02618694305419922, 1.7881393432617188e-05, 0.0018150806427001953, 0.0001938343048095703, 0.0003352165222167969]}})
[2019-05-24 02:00:30][_logging.py][line:74]                    [DEBUG]send: b'\x81\x9e\x02i[\x8eyK:\xedv\x004\xe0 S{\xace\x0c/\xc3c\n3\xe7l\x0c\x1f\xebv\x082\xe2 \x14'
[2019-05-24 02:00:30][log.py][line:41]                    [INFO][client]action: getMachineDetail, message({'action': 'getMachineDetail'})
[2019-05-24 02:00:30][log.py][line:41]                    [INFO][server]action: onGetMachineDetail, message({'action': 'onGetMachineDetail', 'result': {'event': True, 'data': {'event': True, 'ExchangeRate': '1', 'LoginName': 'jm0614319473', 'Currency': 'RMB', 'HallID': 3819831, 'UserID': '540183659', 'Balance': 0, 'Test': False, 'BrickNum': 45, 'FreeTime': 0, 'DoubleTime': 0, 'NextLevelID': 1, 'Platform': '0', 'Client': '03', 'LineBet': '10', 'LineNum': '1', 'Base': '1:10', 'DefaultBase': '1:10', 'Percent': '99', 'PercentLow': '96', 'BetTotal': '1000000.0000', 'PayTotal': '975000.0000', 'Credit': '9.00', 'BetBase': '1:10', 'WagersID': '0', 'Status': 'Y'}, 'time': [0.026279211044311523, 0.022758960723876953, 2.002716064453125e-05, 0.002017974853515625, 0.0014801025390625]}})
[2019-05-24 02:00:31][_logging.py][line:74]                    [DEBUG]send: b'\x81\xbb\xa2\xce\x83\xf9\xd9\xec\xe2\x9a\xd6\xa7\xec\x97\x80\xf4\xa3\xdb\xc1\xbc\xe6\x9d\xcb\xba\xc6\x81\xc1\xa6\xe2\x97\xc5\xab\xa1\xd5\x82\xec\xf1\x98\xd6\xab\xa1\xc3\x82\xec\xb2\xc3\x93\xfe\xa1\xd5\x82\xec\xe0\x8b\xc7\xaa\xea\x8d\x80\xf4\xa3\xdb\x92\xec\xfe'
[2019-05-24 02:00:31][log.py][line:41]                    [INFO][client]action: creditExchange, message({'action': 'creditExchange', 'rate': '1:10', 'credit': '0'})
